#
# There is insufficient memory for the Java Runtime Environment to continue.
# Native memory allocation (malloc) failed to allocate 1612176 bytes for Chunk::new
# Possible reasons:
#   The system is out of physical RAM or swap space
#   In 32 bit mode, the process size limit was hit
# Possible solutions:
#   Reduce memory load on the system
#   Increase physical memory or swap space
#   Check if swap backing store is full
#   Use 64 bit Java on a 64 bit OS
#   Decrease Java heap size (-Xmx/-Xms)
#   Decrease number of Java threads
#   Decrease Java thread stack sizes (-Xss)
#   Set larger code cache with -XX:ReservedCodeCacheSize=
# This output file may be truncated or incomplete.
#
#  Out of Memory Error (allocation.cpp:390), pid=6364, tid=4364
#
# JRE version: Java(TM) SE Runtime Environment (8.0_51-b16) (build 1.8.0_51-b16)
# Java VM: Java HotSpot(TM) 64-Bit Server VM (25.51-b03 mixed mode windows-amd64 compressed oops)
# Failed to write core dump. Minidumps are not enabled by default on client versions of Windows
#

---------------  T H R E A D  ---------------

Current thread (0x0000000014a99000):  JavaThread "C2 CompilerThread0" daemon [_thread_in_native, id=4364, stack(0x0000000015ff0000,0x00000000160f0000)]

Stack: [0x0000000015ff0000,0x00000000160f0000]
Native frames: (J=compiled Java code, j=interpreted, Vv=VM code, C=native code)
V  [jvm.dll+0x32b4ca]
V  [jvm.dll+0x2797e3]
V  [jvm.dll+0x27a479]
V  [jvm.dll+0x271765]
V  [jvm.dll+0xcba02]
V  [jvm.dll+0xcbecc]
V  [jvm.dll+0x476f72]
V  [jvm.dll+0x4b95ff]
V  [jvm.dll+0x46bca4]
V  [jvm.dll+0x46cd4e]
V  [jvm.dll+0x4501a2]
V  [jvm.dll+0xa43a2]
V  [jvm.dll+0xa4cdf]
V  [jvm.dll+0x2418a4]
V  [jvm.dll+0x29846a]
C  [msvcr100.dll+0x21d9f]
C  [msvcr100.dll+0x21e3b]
C  [KERNEL32.DLL+0x13d2]
C  [ntdll.dll+0x15454]


Current CompileTask:
C2:  13956 2182   !   4       com.android.dx.cf.code.BytecodeArray::parseInstruction (2764 bytes)


---------------  P R O C E S S  ---------------

Java Threads: ( => current thread )
  0x0000000016554000 JavaThread "pool-1-thread-4" [_thread_in_Java, id=6512, stack(0x0000000016cf0000,0x0000000016df0000)]
  0x0000000016551000 JavaThread "pool-1-thread-3" [_thread_in_Java, id=8576, stack(0x0000000016bf0000,0x0000000016cf0000)]
  0x000000001653f000 JavaThread "pool-1-thread-2" [_thread_in_Java, id=196, stack(0x0000000016af0000,0x0000000016bf0000)]
  0x00000000165de000 JavaThread "pool-2-thread-1" [_thread_blocked, id=1788, stack(0x00000000169f0000,0x0000000016af0000)]
  0x000000001666f800 JavaThread "pool-1-thread-1" [_thread_blocked, id=8524, stack(0x00000000168f0000,0x00000000169f0000)]
  0x00000000162f4800 JavaThread "Service Thread" daemon [_thread_blocked, id=4236, stack(0x00000000166f0000,0x00000000167f0000)]
  0x0000000014af7800 JavaThread "C1 CompilerThread2" daemon [_thread_blocked, id=3204, stack(0x00000000161f0000,0x00000000162f0000)]
  0x0000000014aba000 JavaThread "C2 CompilerThread1" daemon [_thread_in_native, id=8088, stack(0x00000000160f0000,0x00000000161f0000)]
=>0x0000000014a99000 JavaThread "C2 CompilerThread0" daemon [_thread_in_native, id=4364, stack(0x0000000015ff0000,0x00000000160f0000)]
  0x0000000014a97000 JavaThread "Attach Listener" daemon [_thread_blocked, id=6468, stack(0x0000000015ef0000,0x0000000015ff0000)]
  0x0000000014a95800 JavaThread "Signal Dispatcher" daemon [_thread_blocked, id=6460, stack(0x0000000015df0000,0x0000000015ef0000)]
  0x00000000023c0000 JavaThread "Finalizer" daemon [_thread_blocked, id=4652, stack(0x0000000015cf0000,0x0000000015df0000)]
  0x00000000023bd000 JavaThread "Reference Handler" daemon [_thread_blocked, id=8048, stack(0x0000000015bf0000,0x0000000015cf0000)]
  0x00000000022d0800 JavaThread "main" [_thread_in_vm, id=8820, stack(0x0000000002150000,0x0000000002250000)]

Other Threads:
  0x0000000014a67800 VMThread [stack: 0x0000000015af0000,0x0000000015bf0000] [id=576]
  0x00000000162f5800 WatcherThread [stack: 0x00000000167f0000,0x00000000168f0000] [id=6448]

VM state:not at safepoint (normal execution)

VM Mutex/Monitor currently owned by a thread: None

Heap:
 PSYoungGen      total 101888K, used 74465K [0x00000000eab00000, 0x00000000f9500000, 0x0000000100000000)
  eden space 98304K, 72% used [0x00000000eab00000,0x00000000ef03ff28,0x00000000f0b00000)
  from space 3584K, 99% used [0x00000000f0b00000,0x00000000f0e78818,0x00000000f0e80000)
  to   space 21504K, 0% used [0x00000000f8000000,0x00000000f8000000,0x00000000f9500000)
 ParOldGen       total 64512K, used 34789K [0x00000000c0000000, 0x00000000c3f00000, 0x00000000eab00000)
  object space 64512K, 53% used [0x00000000c0000000,0x00000000c21f97f8,0x00000000c3f00000)
 Metaspace       used 6460K, capacity 7256K, committed 7424K, reserved 1056768K
  class space    used 615K, capacity 656K, committed 768K, reserved 1048576K

Card table byte_map: [0x0000000011790000,0x00000000119a0000] byte_map_base: 0x0000000011190000

Marking Bits: (ParMarkBitMap*) 0x0000000075d54040
 Begin Bits: [0x0000000011f00000, 0x0000000012f00000)
 End Bits:   [0x0000000012f00000, 0x0000000013f00000)

Polling page: 0x0000000000790000

CodeCache: size=245760Kb used=10452Kb max_used=10452Kb free=235308Kb
 bounds [0x00000000023d0000, 0x0000000002e10000, 0x00000000113d0000]
 total_blobs=2401 nmethods=2131 adapters=182
 compilation: enabled

Compilation events (10 events):
Event: 13.832 Thread 0x0000000014af7800 2207       2       com.android.dx.rop.code.SwitchInsn::withNewRegisters (22 bytes)
Event: 13.832 Thread 0x0000000014af7800 nmethod 2207 0x0000000002e062d0 code [0x0000000002e06440, 0x0000000002e06628]
Event: 13.885 Thread 0x0000000014af7800 2210       2       java.util.HashMap::getNode (148 bytes)
Event: 13.886 Thread 0x0000000014af7800 nmethod 2210 0x0000000002e05910 code [0x0000000002e05ac0, 0x0000000002e05f28]
Event: 13.888 Thread 0x0000000014af7800 2211       2       java.util.concurrent.locks.AbstractQueuedSynchronizer$ConditionObject::await (98 bytes)
Event: 13.889 Thread 0x0000000014af7800 nmethod 2211 0x0000000002e049d0 code [0x0000000002e04be0, 0x0000000002e052c8]
Event: 13.889 Thread 0x0000000014af7800 2212       2       com.android.dx.rop.cst.CstLiteralBits::fitsIn16Bits (26 bytes)
Event: 13.890 Thread 0x0000000014af7800 nmethod 2212 0x0000000002e045d0 code [0x0000000002e04740, 0x0000000002e04918]
Event: 13.891 Thread 0x0000000014af7800 2213       2       com.android.dx.ssa.NormalSsaInsn::changeOneSource (120 bytes)
Event: 13.892 Thread 0x0000000014af7800 nmethod 2213 0x0000000002e03290 code [0x0000000002e034a0, 0x0000000002e03bf8]

GC Heap History (10 events):
Event: 4.593 GC heap before
{Heap before GC invocations=1 (full 0):
 PSYoungGen      total 28160K, used 24576K [0x00000000eab00000, 0x00000000eca00000, 0x0000000100000000)
  eden space 24576K, 100% used [0x00000000eab00000,0x00000000ec300000,0x00000000ec300000)
  from space 3584K, 0% used [0x00000000ec680000,0x00000000ec680000,0x00000000eca00000)
  to   space 3584K, 0% used [0x00000000ec300000,0x00000000ec300000,0x00000000ec680000)
 ParOldGen       total 64512K, used 0K [0x00000000c0000000, 0x00000000c3f00000, 0x00000000eab00000)
  object space 64512K, 0% used [0x00000000c0000000,0x00000000c0000000,0x00000000c3f00000)
 Metaspace       used 5584K, capacity 6576K, committed 6784K, reserved 1056768K
  class space    used 588K, capacity 616K, committed 640K, reserved 1048576K
Event: 4.740 GC heap after
Heap after GC invocations=1 (full 0):
 PSYoungGen      total 28160K, used 3502K [0x00000000eab00000, 0x00000000ee200000, 0x0000000100000000)
  eden space 24576K, 0% used [0x00000000eab00000,0x00000000eab00000,0x00000000ec300000)
  from space 3584K, 97% used [0x00000000ec300000,0x00000000ec66b9a8,0x00000000ec680000)
  to   space 3584K, 0% used [0x00000000ede80000,0x00000000ede80000,0x00000000ee200000)
 ParOldGen       total 64512K, used 0K [0x00000000c0000000, 0x00000000c3f00000, 0x00000000eab00000)
  object space 64512K, 0% used [0x00000000c0000000,0x00000000c0000000,0x00000000c3f00000)
 Metaspace       used 5584K, capacity 6576K, committed 6784K, reserved 1056768K
  class space    used 588K, capacity 616K, committed 640K, reserved 1048576K
}
Event: 5.848 GC heap before
{Heap before GC invocations=2 (full 0):
 PSYoungGen      total 28160K, used 28078K [0x00000000eab00000, 0x00000000ee200000, 0x0000000100000000)
  eden space 24576K, 100% used [0x00000000eab00000,0x00000000ec300000,0x00000000ec300000)
  from space 3584K, 97% used [0x00000000ec300000,0x00000000ec66b9a8,0x00000000ec680000)
  to   space 3584K, 0% used [0x00000000ede80000,0x00000000ede80000,0x00000000ee200000)
 ParOldGen       total 64512K, used 0K [0x00000000c0000000, 0x00000000c3f00000, 0x00000000eab00000)
  object space 64512K, 0% used [0x00000000c0000000,0x00000000c0000000,0x00000000c3f00000)
 Metaspace       used 6056K, capacity 6960K, committed 7040K, reserved 1056768K
  class space    used 593K, capacity 616K, committed 640K, reserved 1048576K
Event: 5.864 GC heap after
Heap after GC invocations=2 (full 0):
 PSYoungGen      total 52736K, used 3581K [0x00000000eab00000, 0x00000000ee200000, 0x0000000100000000)
  eden space 49152K, 0% used [0x00000000eab00000,0x00000000eab00000,0x00000000edb00000)
  from space 3584K, 99% used [0x00000000ede80000,0x00000000ee1ff618,0x00000000ee200000)
  to   space 3584K, 0% used [0x00000000edb00000,0x00000000edb00000,0x00000000ede80000)
 ParOldGen       total 64512K, used 2752K [0x00000000c0000000, 0x00000000c3f00000, 0x00000000eab00000)
  object space 64512K, 4% used [0x00000000c0000000,0x00000000c02b00a0,0x00000000c3f00000)
 Metaspace       used 6056K, capacity 6960K, committed 7040K, reserved 1056768K
  class space    used 593K, capacity 616K, committed 640K, reserved 1048576K
}
Event: 8.624 GC heap before
{Heap before GC invocations=3 (full 0):
 PSYoungGen      total 52736K, used 52733K [0x00000000eab00000, 0x00000000ee200000, 0x0000000100000000)
  eden space 49152K, 100% used [0x00000000eab00000,0x00000000edb00000,0x00000000edb00000)
  from space 3584K, 99% used [0x00000000ede80000,0x00000000ee1ff618,0x00000000ee200000)
  to   space 3584K, 0% used [0x00000000edb00000,0x00000000edb00000,0x00000000ede80000)
 ParOldGen       total 64512K, used 2752K [0x00000000c0000000, 0x00000000c3f00000, 0x00000000eab00000)
  object space 64512K, 4% used [0x00000000c0000000,0x00000000c02b00a0,0x00000000c3f00000)
 Metaspace       used 6193K, capacity 7088K, committed 7296K, reserved 1056768K
  class space    used 595K, capacity 616K, committed 640K, reserved 1048576K
Event: 8.652 GC heap after
Heap after GC invocations=3 (full 0):
 PSYoungGen      total 52736K, used 3582K [0x00000000eab00000, 0x00000000f1200000, 0x0000000100000000)
  eden space 49152K, 0% used [0x00000000eab00000,0x00000000eab00000,0x00000000edb00000)
  from space 3584K, 99% used [0x00000000edb00000,0x00000000ede7f8b0,0x00000000ede80000)
  to   space 3584K, 0% used [0x00000000f0e80000,0x00000000f0e80000,0x00000000f1200000)
 ParOldGen       total 64512K, used 10964K [0x00000000c0000000, 0x00000000c3f00000, 0x00000000eab00000)
  object space 64512K, 16% used [0x00000000c0000000,0x00000000c0ab53a8,0x00000000c3f00000)
 Metaspace       used 6193K, capacity 7088K, committed 7296K, reserved 1056768K
  class space    used 595K, capacity 616K, committed 640K, reserved 1048576K
}
Event: 10.040 GC heap before
{Heap before GC invocations=4 (full 0):
 PSYoungGen      total 52736K, used 52734K [0x00000000eab00000, 0x00000000f1200000, 0x0000000100000000)
  eden space 49152K, 100% used [0x00000000eab00000,0x00000000edb00000,0x00000000edb00000)
  from space 3584K, 99% used [0x00000000edb00000,0x00000000ede7f8b0,0x00000000ede80000)
  to   space 3584K, 0% used [0x00000000f0e80000,0x00000000f0e80000,0x00000000f1200000)
 ParOldGen       total 64512K, used 10964K [0x00000000c0000000, 0x00000000c3f00000, 0x00000000eab00000)
  object space 64512K, 16% used [0x00000000c0000000,0x00000000c0ab53a8,0x00000000c3f00000)
 Metaspace       used 6244K, capacity 7152K, committed 7296K, reserved 1056768K
  class space    used 595K, capacity 616K, committed 640K, reserved 1048576K
Event: 10.108 GC heap after
Heap after GC invocations=4 (full 0):
 PSYoungGen      total 101888K, used 3563K [0x00000000eab00000, 0x00000000f1200000, 0x0000000100000000)
  eden space 98304K, 0% used [0x00000000eab00000,0x00000000eab00000,0x00000000f0b00000)
  from space 3584K, 99% used [0x00000000f0e80000,0x00000000f11faf78,0x00000000f1200000)
  to   space 3584K, 0% used [0x00000000f0b00000,0x00000000f0b00000,0x00000000f0e80000)
 ParOldGen       total 64512K, used 18928K [0x00000000c0000000, 0x00000000c3f00000, 0x00000000eab00000)
  object space 64512K, 29% used [0x00000000c0000000,0x00000000c127c358,0x00000000c3f00000)
 Metaspace       used 6244K, capacity 7152K, committed 7296K, reserved 1056768K
  class space    used 595K, capacity 616K, committed 640K, reserved 1048576K
}
Event: 13.276 GC heap before
{Heap before GC invocations=5 (full 0):
 PSYoungGen      total 101888K, used 101867K [0x00000000eab00000, 0x00000000f1200000, 0x0000000100000000)
  eden space 98304K, 100% used [0x00000000eab00000,0x00000000f0b00000,0x00000000f0b00000)
  from space 3584K, 99% used [0x00000000f0e80000,0x00000000f11faf78,0x00000000f1200000)
  to   space 3584K, 0% used [0x00000000f0b00000,0x00000000f0b00000,0x00000000f0e80000)
 ParOldGen       total 64512K, used 18928K [0x00000000c0000000, 0x00000000c3f00000, 0x00000000eab00000)
  object space 64512K, 29% used [0x00000000c0000000,0x00000000c127c358,0x00000000c3f00000)
 Metaspace       used 6339K, capacity 7216K, committed 7296K, reserved 1056768K
  class space    used 595K, capacity 616K, committed 640K, reserved 1048576K
Event: 13.441 GC heap after
Heap after GC invocations=5 (full 0):
 PSYoungGen      total 101888K, used 3554K [0x00000000eab00000, 0x00000000f9500000, 0x0000000100000000)
  eden space 98304K, 0% used [0x00000000eab00000,0x00000000eab00000,0x00000000f0b00000)
  from space 3584K, 99% used [0x00000000f0b00000,0x00000000f0e78818,0x00000000f0e80000)
  to   space 21504K, 0% used [0x00000000f8000000,0x00000000f8000000,0x00000000f9500000)
 ParOldGen       total 64512K, used 34789K [0x00000000c0000000, 0x00000000c3f00000, 0x00000000eab00000)
  object space 64512K, 53% used [0x00000000c0000000,0x00000000c21f97f8,0x00000000c3f00000)
 Metaspace       used 6339K, capacity 7216K, committed 7296K, reserved 1056768K
  class space    used 595K, capacity 616K, committed 640K, reserved 1048576K
}

Deoptimization events (10 events):
Event: 13.545 Thread 0x0000000016554000 Uncommon trap: reason=bimorphic action=maybe_recompile pc=0x0000000002cf2b30 method=com.android.dx.cf.code.BytecodeArray.parseInstruction(ILcom/android/dx/cf/code/BytecodeArray$Visitor;)I @ 1161
Event: 13.545 Thread 0x0000000016554000 Uncommon trap: reason=bimorphic action=maybe_recompile pc=0x0000000002cf2b30 method=com.android.dx.cf.code.BytecodeArray.parseInstruction(ILcom/android/dx/cf/code/BytecodeArray$Visitor;)I @ 1161
Event: 13.604 Thread 0x0000000016554000 Uncommon trap: reason=unstable_if action=reinterpret pc=0x0000000002d2b4cc method=com.android.dx.ssa.Dominators.run()V @ 346
Event: 13.682 Thread 0x0000000016554000 Uncommon trap: reason=unstable_if action=reinterpret pc=0x0000000002a129cc method=com.android.dx.ssa.MoveParamCombiner$1.visitNonMoveInsn(Lcom/android/dx/ssa/NormalSsaInsn;)V @ 27
Event: 13.691 Thread 0x0000000016551000 Uncommon trap: reason=bimorphic action=maybe_recompile pc=0x0000000002b41fa8 method=com.android.dx.ssa.LiteralOpUpgrader.tryReplacingWithConstant(Lcom/android/dx/ssa/NormalSsaInsn;)Z @ 62
Event: 13.691 Thread 0x0000000016551000 Uncommon trap: reason=unstable_if action=reinterpret pc=0x0000000002bee540 method=com.android.dx.ssa.LiteralOpUpgrader$1.visitNonMoveInsn(Lcom/android/dx/ssa/NormalSsaInsn;)V @ 24
Event: 13.694 Thread 0x0000000016551000 Uncommon trap: reason=bimorphic action=maybe_recompile pc=0x0000000002b41fa8 method=com.android.dx.ssa.LiteralOpUpgrader.tryReplacingWithConstant(Lcom/android/dx/ssa/NormalSsaInsn;)Z @ 62
Event: 13.785 Thread 0x000000001653f000 Uncommon trap: reason=unstable_if action=reinterpret pc=0x0000000002784f5c method=java.util.HashMap.putVal(ILjava/lang/Object;Ljava/lang/Object;ZZ)Ljava/lang/Object; @ 162
Event: 13.885 Thread 0x0000000016551000 Uncommon trap: reason=unstable_if action=reinterpret pc=0x0000000002aa0218 method=java.util.HashMap.getNode(ILjava/lang/Object;)Ljava/util/HashMap$Node; @ 84
Event: 13.907 Thread 0x000000001666f800 Uncommon trap: reason=unstable_if action=reinterpret pc=0x0000000002d11a84 method=java.util.HashMap.putVal(ILjava/lang/Object;Ljava/lang/Object;ZZ)Ljava/lang/Object; @ 109

Internal exceptions (7 events):
Event: 0.665 Thread 0x00000000022d0800 Exception <a 'java/lang/NoSuchMethodError': Method sun.misc.Unsafe.defineClass(Ljava/lang/String;[BII)Ljava/lang/Class; name or signature does not match> (0x00000000eab0d1f0) thrown at [C:\re\workspace\8-2-build-windows-amd64-cygwin\jdk8u51\3951\hotspot\sr}j]W¼Kå?
Event: 0.665 Thread 0x00000000022d0800 Exception <a 'java/lang/NoSuchMethodError': Method sun.misc.Unsafe.prefetchRead(Ljava/lang/Object;J)V name or signature does not match> (0x00000000eab0d480) thrown at [C:\re\workspace\8-2-build-windows-amd64-cygwin\jdk8u51\3951\hotspot\src\share\vm\prims\jé¾Z6…t(@
Event: 12.228 Thread 0x00000000022d0800 Implicit null exception at 0x0000000002a58047 to 0x0000000002a590fd
Event: 12.261 Thread 0x000000001666f800 Implicit null exception at 0x0000000002a4613b to 0x0000000002a47685
Event: 13.787 Thread 0x000000001653f000 Exception <a 'java/lang/ArrayIndexOutOfBoundsException': 18> (0x00000000edc68368) thrown at [C:\re\workspace\8-2-build-windows-amd64-cygwin\jdk8u51\3951\hotspot\src\share\vm\interpreter\interpreterRuntime.cpp, line 366]
Event: 13.788 Thread 0x000000001653f000 Exception <a 'java/lang/ArrayIndexOutOfBoundsException': 145> (0x00000000edc69e38) thrown at [C:\re\workspace\8-2-build-windows-amd64-cygwin\jdk8u51\3951\hotspot\src\share\vm\interpreter\interpreterRuntime.cpp, line 366]
Event: 13.789 Thread 0x000000001653f000 Exception <a 'java/lang/ArrayIndexOutOfBoundsException'> (0x00000000edc6b070) thrown at [C:\re\workspace\8-2-build-windows-amd64-cygwin\jdk8u51\3951\hotspot\src\share\vm\runtime\sharedRuntime.cpp, line 605]

Events (10 events):
Event: 13.791 Thread 0x0000000016554000 DEOPT PACKING pc=0x0000000002de75f2 sp=0x0000000016dee930
Event: 13.791 Thread 0x0000000016554000 DEOPT UNPACKING pc=0x000000000241787f sp=0x0000000016dee770 mode 0
Event: 13.885 Thread 0x0000000016551000 Uncommon trap: trap_request=0xffffff65 fr.pc=0x0000000002aa0218
Event: 13.885 Thread 0x0000000016551000 DEOPT PACKING pc=0x0000000002aa0218 sp=0x0000000016cee470
Event: 13.885 Thread 0x0000000016551000 DEOPT UNPACKING pc=0x000000000241582a sp=0x0000000016cee3e8 mode 2
Event: 13.891 Thread 0x000000001666f800 DEOPT PACKING pc=0x000000000287d746 sp=0x00000000169ee960
Event: 13.891 Thread 0x000000001666f800 DEOPT UNPACKING pc=0x000000000241787f sp=0x00000000169ee720 mode 0
Event: 13.907 Thread 0x000000001666f800 Uncommon trap: trap_request=0xffffff65 fr.pc=0x0000000002d11a84
Event: 13.907 Thread 0x000000001666f800 DEOPT PACKING pc=0x0000000002d11a84 sp=0x00000000169ee6c0
Event: 13.907 Thread 0x000000001666f800 DEOPT UNPACKING pc=0x000000000241582a sp=0x00000000169ee650 mode 2


Dynamic libraries:
0x00007ff69eb90000 - 0x00007ff69ebc7000 	C:\Program Files\Java\jdk1.8.0_51\bin\java.exe
0x00007ff8251d0000 - 0x00007ff82537c000 	C:\Windows\SYSTEM32\ntdll.dll
0x00007ff8248c0000 - 0x00007ff8249fe000 	C:\Windows\system32\KERNEL32.DLL
0x00007ff822690000 - 0x00007ff8227a5000 	C:\Windows\system32\KERNELBASE.dll
0x00007ff820df0000 - 0x00007ff820e7e000 	C:\Windows\system32\apphelp.dll
0x00007ff810670000 - 0x00007ff8106c3000 	C:\Windows\AppPatch\AppPatch64\AcGenral.DLL
0x00007ff822860000 - 0x00007ff82290a000 	C:\Windows\system32\msvcrt.dll
0x00007ff822100000 - 0x00007ff82212e000 	C:\Windows\SYSTEM32\SspiCli.dll
0x00007ff825050000 - 0x00007ff8250a4000 	C:\Windows\system32\SHLWAPI.dll
0x00007ff824360000 - 0x00007ff8244d7000 	C:\Windows\system32\USER32.dll
0x00007ff822a30000 - 0x00007ff822bc4000 	C:\Windows\system32\ole32.dll
0x00007ff822e40000 - 0x00007ff824359000 	C:\Windows\system32\SHELL32.dll
0x00007ff821890000 - 0x00007ff8218b1000 	C:\Windows\SYSTEM32\USERENV.dll
0x00007ff824ae0000 - 0x00007ff824b8a000 	C:\Windows\system32\ADVAPI32.dll
0x00007ff81ad40000 - 0x00007ff81ad5e000 	C:\Windows\SYSTEM32\MPR.dll
0x00007ff824b90000 - 0x00007ff824cd1000 	C:\Windows\system32\RPCRT4.dll
0x00007ff825170000 - 0x00007ff8251c9000 	C:\Windows\SYSTEM32\sechost.dll
0x00007ff8244e0000 - 0x00007ff8246f1000 	C:\Windows\SYSTEM32\combase.dll
0x00007ff824700000 - 0x00007ff82484f000 	C:\Windows\system32\GDI32.dll
0x00007ff822330000 - 0x00007ff822345000 	C:\Windows\SYSTEM32\profapi.dll
0x00007ff820e80000 - 0x00007ff820f32000 	C:\Windows\SYSTEM32\SHCORE.dll
0x00007ff822de0000 - 0x00007ff822e16000 	C:\Windows\system32\IMM32.DLL
0x00007ff824ed0000 - 0x00007ff825022000 	C:\Windows\system32\MSCTF.dll
0x00007ff820730000 - 0x00007ff8209aa000 	C:\Windows\WinSxS\amd64_microsoft.windows.common-controls_6595b64144ccf1df_6.0.9600.17810_none_6240b9c7ecbd0bda\COMCTL32.dll
0x0000000075f20000 - 0x0000000075ff2000 	C:\Program Files\Java\jdk1.8.0_51\jre\bin\msvcr100.dll
0x0000000075550000 - 0x0000000075dd3000 	C:\Program Files\Java\jdk1.8.0_51\jre\bin\server\jvm.dll
0x00007ff820aa0000 - 0x00007ff820aa9000 	C:\Windows\SYSTEM32\WSOCK32.dll
0x00007ff820be0000 - 0x00007ff820c02000 	C:\Windows\SYSTEM32\WINMM.dll
0x00007ff8209e0000 - 0x00007ff8209ea000 	C:\Windows\SYSTEM32\VERSION.dll
0x00007ff822e30000 - 0x00007ff822e37000 	C:\Windows\system32\PSAPI.DLL
0x00007ff8229d0000 - 0x00007ff822a2a000 	C:\Windows\system32\WS2_32.dll
0x00007ff820a30000 - 0x00007ff820a5a000 	C:\Windows\SYSTEM32\WINMMBASE.dll
0x00007ff824ad0000 - 0x00007ff824ad9000 	C:\Windows\system32\NSI.dll
0x00007ff822810000 - 0x00007ff82285f000 	C:\Windows\SYSTEM32\cfgmgr32.dll
0x00007ff821120000 - 0x00007ff821148000 	C:\Windows\SYSTEM32\DEVOBJ.dll
0x0000000076850000 - 0x000000007685f000 	C:\Program Files\Java\jdk1.8.0_51\jre\bin\verify.dll
0x0000000076820000 - 0x0000000076849000 	C:\Program Files\Java\jdk1.8.0_51\jre\bin\java.dll
0x0000000076800000 - 0x0000000076816000 	C:\Program Files\Java\jdk1.8.0_51\jre\bin\zip.dll
0x00007ff80cb20000 - 0x00007ff80cca9000 	C:\Windows\SYSTEM32\dbghelp.dll

VM Arguments:
jvm_args: -Djava.awt.headless=true -Xmx1024M -Dfile.encoding=windows-1252 -Duser.country=IN -Duser.language=en -Duser.variant 
java_command: com.android.dx.command.Main --dex --num-threads=4 --output D:\Android Studio Projects\lovers_point\app\build\intermediates\pre-dexed\debug\com.android.support-support-v4-23.1.1_c5e042af38c8a10640f7eeef07ba210cefad1a24.jar D:\Android Studio Projects\lovers_point\app\build\intermediates\exploded-aar\com.android.support\support-v4\23.1.1\jars\classes.jar
java_class_path (initial): C:\Users\AZforever\AppData\Local\Android\sdk\build-tools\23.0.2\lib\dx.jar
Launcher Type: SUN_STANDARD

Environment Variables:
PATH=C:\Program Files (x86)\NVIDIA Corporation\PhysX\Common;C:\ProgramData\Oracle\Java\javapath;C:\Windows\system32;C:\Windows;C:\Windows\System32\Wbem;C:\Windows\System32\WindowsPowerShell\v1.0\;C:\Program Files (x86)\Skype\Phone\;C:\Program Files\Java\jdk1.8.0_51\bin;C:\Windows\SysWOW64
USERNAME=AZforever
OS=Windows_NT
PROCESSOR_IDENTIFIER=Intel64 Family 6 Model 58 Stepping 9, GenuineIntel



---------------  S Y S T E M  ---------------

OS: Windows 8.1 , 64 bit Build 9600 (6.3.9600.17415)

CPU:total 4 (2 cores per cpu, 2 threads per core) family 6 model 58 stepping 9, cmov, cx8, fxsr, mmx, sse, sse2, sse3, ssse3, sse4.1, sse4.2, popcnt, avx, aes, clmul, erms, ht, tsc, tscinvbit, tscinv

Memory: 4k page, physical 6143508k(575196k free), swap 9289236k(5284k free)

vm_info: Java HotSpot(TM) 64-Bit Server VM (25.51-b03) for windows-amd64 JRE (1.8.0_51-b16), built on Jun  8 2015 18:03:07 by "java_re" with MS VC++ 10.0 (VS2010)

time: Sat Jan 30 23:02:06 2016
elapsed time: 13 seconds (0d 0h 0m 13s)

