#
# There is insufficient memory for the Java Runtime Environment to continue.
# Native memory allocation (malloc) failed to allocate 40144 bytes for Chunk::new
# Possible reasons:
#   The system is out of physical RAM or swap space
#   In 32 bit mode, the process size limit was hit
# Possible solutions:
#   Reduce memory load on the system
#   Increase physical memory or swap space
#   Check if swap backing store is full
#   Use 64 bit Java on a 64 bit OS
#   Decrease Java heap size (-Xmx/-Xms)
#   Decrease number of Java threads
#   Decrease Java thread stack sizes (-Xss)
#   Set larger code cache with -XX:ReservedCodeCacheSize=
# This output file may be truncated or incomplete.
#
#  Out of Memory Error (allocation.cpp:390), pid=8656, tid=4800
#
# JRE version: Java(TM) SE Runtime Environment (8.0_51-b16) (build 1.8.0_51-b16)
# Java VM: Java HotSpot(TM) 64-Bit Server VM (25.51-b03 mixed mode windows-amd64 compressed oops)
# Failed to write core dump. Minidumps are not enabled by default on client versions of Windows
#

---------------  T H R E A D  ---------------

Current thread (0x0000000014b39000):  JavaThread "C2 CompilerThread0" daemon [_thread_in_native, id=4800, stack(0x00000000160a0000,0x00000000161a0000)]

Stack: [0x00000000160a0000,0x00000000161a0000]
Native frames: (J=compiled Java code, j=interpreted, Vv=VM code, C=native code)
V  [jvm.dll+0x32b4ca]
V  [jvm.dll+0x2797e3]
V  [jvm.dll+0x27a479]
V  [jvm.dll+0x271765]
V  [jvm.dll+0xcba02]
V  [jvm.dll+0xcbecc]
V  [jvm.dll+0x4643d2]
V  [jvm.dll+0x4d9460]
V  [jvm.dll+0x4dc078]
V  [jvm.dll+0x46a5e1]
V  [jvm.dll+0x46cde2]
V  [jvm.dll+0x4501a2]
V  [jvm.dll+0xa43a2]
V  [jvm.dll+0xa4cdf]
V  [jvm.dll+0x2418a4]
V  [jvm.dll+0x29846a]
C  [msvcr100.dll+0x21d9f]
C  [msvcr100.dll+0x21e3b]
C  [KERNEL32.DLL+0x13d2]
C  [ntdll.dll+0x15454]


Current CompileTask:
C2:   9754  210 %     4       java.lang.String::replace @ 20 (127 bytes)


---------------  P R O C E S S  ---------------

Java Threads: ( => current thread )
  0x00000000163a4800 JavaThread "Service Thread" daemon [_thread_blocked, id=5824, stack(0x00000000167a0000,0x00000000168a0000)]
  0x0000000014b98000 JavaThread "C1 CompilerThread2" daemon [_thread_blocked, id=8592, stack(0x00000000162a0000,0x00000000163a0000)]
  0x0000000014b95800 JavaThread "C2 CompilerThread1" daemon [_thread_in_native, id=7132, stack(0x00000000161a0000,0x00000000162a0000)]
=>0x0000000014b39000 JavaThread "C2 CompilerThread0" daemon [_thread_in_native, id=4800, stack(0x00000000160a0000,0x00000000161a0000)]
  0x0000000014b37000 JavaThread "Attach Listener" daemon [_thread_blocked, id=3388, stack(0x0000000015fa0000,0x00000000160a0000)]
  0x0000000014b35800 JavaThread "Signal Dispatcher" daemon [_thread_blocked, id=5244, stack(0x0000000015ea0000,0x0000000015fa0000)]
  0x0000000002466000 JavaThread "Finalizer" daemon [_thread_blocked, id=8440, stack(0x0000000015da0000,0x0000000015ea0000)]
  0x000000000245d000 JavaThread "Reference Handler" daemon [_thread_blocked, id=5364, stack(0x0000000015ca0000,0x0000000015da0000)]
  0x0000000002370800 JavaThread "main" [_thread_blocked, id=7848, stack(0x0000000002270000,0x0000000002370000)]

Other Threads:
  0x0000000014b07800 VMThread [stack: 0x0000000015ba0000,0x0000000015ca0000] [id=3592]
  0x00000000163a6000 WatcherThread [stack: 0x00000000168a0000,0x00000000169a0000] [id=1448]

VM state:not at safepoint (normal execution)

VM Mutex/Monitor currently owned by a thread: None

Heap:
 PSYoungGen      total 28160K, used 15253K [0x00000000eab00000, 0x00000000eca00000, 0x0000000100000000)
  eden space 24576K, 62% used [0x00000000eab00000,0x00000000eb9e5738,0x00000000ec300000)
  from space 3584K, 0% used [0x00000000ec680000,0x00000000ec680000,0x00000000eca00000)
  to   space 3584K, 0% used [0x00000000ec300000,0x00000000ec300000,0x00000000ec680000)
 ParOldGen       total 64512K, used 0K [0x00000000c0000000, 0x00000000c3f00000, 0x00000000eab00000)
  object space 64512K, 0% used [0x00000000c0000000,0x00000000c0000000,0x00000000c3f00000)
 Metaspace       used 3558K, capacity 4720K, committed 4864K, reserved 1056768K
  class space    used 381K, capacity 424K, committed 512K, reserved 1048576K

Card table byte_map: [0x0000000011830000,0x0000000011a40000] byte_map_base: 0x0000000011230000

Marking Bits: (ParMarkBitMap*) 0x0000000075d54040
 Begin Bits: [0x0000000011fa0000, 0x0000000012fa0000)
 End Bits:   [0x0000000012fa0000, 0x0000000013fa0000)

Polling page: 0x00000000009c0000

CodeCache: size=245760Kb used=1594Kb max_used=1594Kb free=244165Kb
 bounds [0x0000000002470000, 0x00000000026e0000, 0x0000000011470000]
 total_blobs=472 nmethods=221 adapters=164
 compilation: enabled

Compilation events (10 events):
Event: 7.407 Thread 0x0000000014b98000  214       3       java.util.regex.Matcher::find (69 bytes)
Event: 7.407 Thread 0x0000000014b98000 nmethod 214 0x00000000025fa590 code [0x00000000025fa700, 0x00000000025faaa8]
Event: 7.407 Thread 0x0000000014b98000  215   !   3       java.util.regex.Pattern::matcher (44 bytes)
Event: 7.407 Thread 0x0000000014b98000 nmethod 215 0x00000000025f9e90 code [0x00000000025fa020, 0x00000000025fa478]
Event: 7.407 Thread 0x0000000014b98000  216       3       java.util.regex.Matcher::quoteReplacement (82 bytes)
Event: 7.408 Thread 0x0000000014b95800  219       4       java.util.regex.Pattern$BnM::optimize (179 bytes)
Event: 7.409 Thread 0x0000000014b98000 nmethod 216 0x00000000025fb350 code [0x00000000025fb5c0, 0x00000000025fc838]
Event: 7.409 Thread 0x0000000014b98000  217       3       java.util.regex.Matcher::replaceAll (59 bytes)
Event: 7.410 Thread 0x0000000014b98000 nmethod 217 0x00000000025f8910 code [0x00000000025f8b40, 0x00000000025f9978]
Event: 7.410 Thread 0x0000000014b98000  218       3       com.android.dx.cf.direct.ClassPathOpener::compareClassNames (42 bytes)

GC Heap History (0 events):
No events

Deoptimization events (0 events):
No events

Internal exceptions (2 events):
Event: 3.288 Thread 0x0000000002370800 Exception <a 'java/lang/NoSuchMethodError': Method sun.misc.Unsafe.defineClass(Ljava/lang/String;[BII)Ljava/lang/Class; name or signature does not match> (0x00000000eab0d1f0) thrown at [C:\re\workspace\8-2-build-windows-amd64-cygwin\jdk8u51\3951\hotspot\srk∫e]ÊM
@
Event: 3.288 Thread 0x0000000002370800 Exception <a 'java/lang/NoSuchMethodError': Method sun.misc.Unsafe.prefetchRead(Ljava/lang/Object;J)V name or signature does not match> (0x00000000eab0d480) thrown at [C:\re\workspace\8-2-build-windows-amd64-cygwin\jdk8u51\3951\hotspot\src\share\vm\prims\j

Events (10 events):
Event: 7.392 loading class java/util/regex/Pattern$SliceNode done
Event: 7.392 loading class java/util/regex/Pattern$Slice done
Event: 7.392 loading class java/util/regex/Pattern$BnM
Event: 7.392 loading class java/util/regex/Pattern$BnM done
Event: 7.392 loading class java/util/regex/Pattern$SliceS
Event: 7.392 loading class java/util/regex/Pattern$SliceS done
Event: 7.392 loading class java/util/regex/Matcher
Event: 7.393 loading class java/util/regex/MatchResult
Event: 7.393 loading class java/util/regex/MatchResult done
Event: 7.393 loading class java/util/regex/Matcher done


Dynamic libraries:
0x00007ff69eb90000 - 0x00007ff69ebc7000 	C:\Program Files\Java\jdk1.8.0_51\bin\java.exe
0x00007ff8251d0000 - 0x00007ff82537c000 	C:\Windows\SYSTEM32\ntdll.dll
0x00007ff8248c0000 - 0x00007ff8249fe000 	C:\Windows\system32\KERNEL32.DLL
0x00007ff822690000 - 0x00007ff8227a5000 	C:\Windows\system32\KERNELBASE.dll
0x00007ff820df0000 - 0x00007ff820e7e000 	C:\Windows\system32\apphelp.dll
0x00007ff810670000 - 0x00007ff8106c3000 	C:\Windows\AppPatch\AppPatch64\AcGenral.DLL
0x00007ff822860000 - 0x00007ff82290a000 	C:\Windows\system32\msvcrt.dll
0x00007ff822100000 - 0x00007ff82212e000 	C:\Windows\SYSTEM32\SspiCli.dll
0x00007ff825050000 - 0x00007ff8250a4000 	C:\Windows\system32\SHLWAPI.dll
0x00007ff824360000 - 0x00007ff8244d7000 	C:\Windows\system32\USER32.dll
0x00007ff822a30000 - 0x00007ff822bc4000 	C:\Windows\system32\ole32.dll
0x00007ff822e40000 - 0x00007ff824359000 	C:\Windows\system32\SHELL32.dll
0x00007ff821890000 - 0x00007ff8218b1000 	C:\Windows\SYSTEM32\USERENV.dll
0x00007ff824ae0000 - 0x00007ff824b8a000 	C:\Windows\system32\ADVAPI32.dll
0x00007ff81ad40000 - 0x00007ff81ad5e000 	C:\Windows\SYSTEM32\MPR.dll
0x00007ff824b90000 - 0x00007ff824cd1000 	C:\Windows\system32\RPCRT4.dll
0x00007ff825170000 - 0x00007ff8251c9000 	C:\Windows\SYSTEM32\sechost.dll
0x00007ff8244e0000 - 0x00007ff8246f1000 	C:\Windows\SYSTEM32\combase.dll
0x00007ff824700000 - 0x00007ff82484f000 	C:\Windows\system32\GDI32.dll
0x00007ff822330000 - 0x00007ff822345000 	C:\Windows\SYSTEM32\profapi.dll
0x00007ff820e80000 - 0x00007ff820f32000 	C:\Windows\SYSTEM32\SHCORE.dll
0x00007ff822de0000 - 0x00007ff822e16000 	C:\Windows\system32\IMM32.DLL
0x00007ff824ed0000 - 0x00007ff825022000 	C:\Windows\system32\MSCTF.dll
0x00007ff820730000 - 0x00007ff8209aa000 	C:\Windows\WinSxS\amd64_microsoft.windows.common-controls_6595b64144ccf1df_6.0.9600.17810_none_6240b9c7ecbd0bda\COMCTL32.dll
0x0000000075f20000 - 0x0000000075ff2000 	C:\Program Files\Java\jdk1.8.0_51\jre\bin\msvcr100.dll
0x0000000075550000 - 0x0000000075dd3000 	C:\Program Files\Java\jdk1.8.0_51\jre\bin\server\jvm.dll
0x00007ff820aa0000 - 0x00007ff820aa9000 	C:\Windows\SYSTEM32\WSOCK32.dll
0x00007ff820be0000 - 0x00007ff820c02000 	C:\Windows\SYSTEM32\WINMM.dll
0x00007ff8209e0000 - 0x00007ff8209ea000 	C:\Windows\SYSTEM32\VERSION.dll
0x00007ff822e30000 - 0x00007ff822e37000 	C:\Windows\system32\PSAPI.DLL
0x00007ff8229d0000 - 0x00007ff822a2a000 	C:\Windows\system32\WS2_32.dll
0x00007ff820a30000 - 0x00007ff820a5a000 	C:\Windows\SYSTEM32\WINMMBASE.dll
0x00007ff824ad0000 - 0x00007ff824ad9000 	C:\Windows\system32\NSI.dll
0x00007ff822810000 - 0x00007ff82285f000 	C:\Windows\SYSTEM32\cfgmgr32.dll
0x00007ff821120000 - 0x00007ff821148000 	C:\Windows\SYSTEM32\DEVOBJ.dll
0x0000000076850000 - 0x000000007685f000 	C:\Program Files\Java\jdk1.8.0_51\jre\bin\verify.dll
0x0000000076820000 - 0x0000000076849000 	C:\Program Files\Java\jdk1.8.0_51\jre\bin\java.dll
0x0000000076800000 - 0x0000000076816000 	C:\Program Files\Java\jdk1.8.0_51\jre\bin\zip.dll
0x00007ff80cb20000 - 0x00007ff80cca9000 	C:\Windows\SYSTEM32\dbghelp.dll

VM Arguments:
jvm_args: -Djava.awt.headless=true -Xmx1024M -Dfile.encoding=windows-1252 -Duser.country=IN -Duser.language=en -Duser.variant 
java_command: com.android.dx.command.Main --dex --num-threads=4 --output D:\Android Studio Projects\lovers_point\app\build\intermediates\pre-dexed\debug\com.android.support-support-v4-23.1.1_c5e042af38c8a10640f7eeef07ba210cefad1a24.jar D:\Android Studio Projects\lovers_point\app\build\intermediates\exploded-aar\com.android.support\support-v4\23.1.1\jars\classes.jar
java_class_path (initial): C:\Users\AZforever\AppData\Local\Android\sdk\build-tools\23.0.2\lib\dx.jar
Launcher Type: SUN_STANDARD

Environment Variables:
PATH=C:\Program Files (x86)\NVIDIA Corporation\PhysX\Common;C:\ProgramData\Oracle\Java\javapath;C:\Windows\system32;C:\Windows;C:\Windows\System32\Wbem;C:\Windows\System32\WindowsPowerShell\v1.0\;C:\Program Files (x86)\Skype\Phone\;C:\Program Files\Java\jdk1.8.0_51\bin;C:\Windows\SysWOW64
USERNAME=AZforever
OS=Windows_NT
PROCESSOR_IDENTIFIER=Intel64 Family 6 Model 58 Stepping 9, GenuineIntel



---------------  S Y S T E M  ---------------

OS: Windows 8.1 , 64 bit Build 9600 (6.3.9600.17415)

CPU:total 4 (2 cores per cpu, 2 threads per core) family 6 model 58 stepping 9, cmov, cx8, fxsr, mmx, sse, sse2, sse3, ssse3, sse4.1, sse4.2, popcnt, avx, aes, clmul, erms, ht, tsc, tscinvbit, tscinv

Memory: 4k page, physical 6143508k(793844k free), swap 9289236k(281032k free)

vm_info: Java HotSpot(TM) 64-Bit Server VM (25.51-b03) for windows-amd64 JRE (1.8.0_51-b16), built on Jun  8 2015 18:03:07 by "java_re" with MS VC++ 10.0 (VS2010)

time: Sat Jan 30 23:01:11 2016
elapsed time: 9 seconds (0d 0h 0m 9s)

